<?xml version="1.0" encoding="UTF-8"?>
<!-- Generated by org.testng.reporters.JUnitXMLReporter -->
<testsuite hostname="ideliver29" name="Default test" tests="3" failures="0" timestamp="3 Mar 2020 15:13:14 GMT" time="0.095" errors="0">
  <testcase name="@BeforeTest setUp" time="0.0" classname="com.AP.qa.test.APTest">
    <failure type="org.testng.TestNGException" message="
Parameter &amp;apos;Browser&amp;apos; is required by @Configuration on method setUp but has not been marked @Optional or defined
in C:\Users\ideliver\AppData\Local\Temp\testng-eclipse--477450547\testng-customsuite.xml">
      <![CDATA[org.testng.TestNGException: 
Parameter 'Browser' is required by @Configuration on method setUp but has not been marked @Optional or defined
in C:\Users\ideliver\AppData\Local\Temp\testng-eclipse--477450547\testng-customsuite.xml
	at org.testng.internal.Parameters.createParameters(Parameters.java:154)
	at org.testng.internal.Parameters.createParameters(Parameters.java:361)
	at org.testng.internal.Parameters.createConfigurationParameters(Parameters.java:84)
	at org.testng.internal.Invoker.invokeConfigurations(Invoker.java:201)
	at org.testng.internal.Invoker.invokeConfigurations(Invoker.java:142)
	at org.testng.TestRunner.beforeRun(TestRunner.java:656)
	at org.testng.TestRunner.run(TestRunner.java:624)
	at org.testng.SuiteRunner.runTest(SuiteRunner.java:366)
	at org.testng.SuiteRunner.runSequentially(SuiteRunner.java:361)
	at org.testng.SuiteRunner.privateRun(SuiteRunner.java:319)
	at org.testng.SuiteRunner.run(SuiteRunner.java:268)
	at org.testng.SuiteRunnerWorker.runSuite(SuiteRunnerWorker.java:52)
	at org.testng.SuiteRunnerWorker.run(SuiteRunnerWorker.java:86)
	at org.testng.TestNG.runSuitesSequentially(TestNG.java:1244)
	at org.testng.TestNG.runSuitesLocally(TestNG.java:1169)
	at org.testng.TestNG.run(TestNG.java:1064)
	at org.testng.remote.AbstractRemoteTestNG.run(AbstractRemoteTestNG.java:114)
	at org.testng.remote.RemoteTestNG.initAndRun(RemoteTestNG.java:251)
	at org.testng.remote.RemoteTestNG.main(RemoteTestNG.java:77)
]]>
    </failure>
  </testcase> <!-- @BeforeTest setUp -->
  <testcase name="@AfterTest Flush" time="0.0" classname="com.AP.qa.test.APTest">
    <skipped/>
  </testcase> <!-- @AfterTest Flush -->
  <testcase name="LoginTest" time="0.01" classname="com.AP.qa.test.APTest">
    <skipped/>
  </testcase> <!-- LoginTest -->
  <testcase name="BookingTest" time="0.0" classname="com.AP.qa.test.APTest">
    <skipped/>
  </testcase> <!-- BookingTest -->
  <testcase name="PaymentTest" time="0.0" classname="com.AP.qa.test.APTest">
    <skipped/>
  </testcase> <!-- PaymentTest -->
</testsuite> <!-- Default test -->
