<html>
<head>
<title>TestNG:  Test</title>
<link href="../testng.css" rel="stylesheet" type="text/css" />
<link href="../my-testng.css" rel="stylesheet" type="text/css" />

<style type="text/css">
.log { display: none;} 
.stack-trace { display: none;} 
</style>
<script type="text/javascript">
<!--
function flip(e) {
  current = e.style.display;
  if (current == 'block') {
    e.style.display = 'none';
    return 0;
  }
  else {
    e.style.display = 'block';
    return 1;
  }
}

function toggleBox(szDivId, elem, msg1, msg2)
{
  var res = -1;  if (document.getElementById) {
    res = flip(document.getElementById(szDivId));
  }
  else if (document.all) {
    // this is the way old msie versions work
    res = flip(document.all[szDivId]);
  }
  if(elem) {
    if(res == 0) elem.innerHTML = msg1; else elem.innerHTML = msg2;
  }

}

function toggleAllBoxes() {
  if (document.getElementsByTagName) {
    d = document.getElementsByTagName('div');
    for (i = 0; i < d.length; i++) {
      if (d[i].className == 'log') {
        flip(d[i]);
      }
    }
  }
}

// -->
</script>

</head>
<body>
<h2 align='center'>Test</h2><table border='1' align="center">
<tr>
<td>Tests passed/Failed/Skipped:</td><td>3/0/0</td>
</tr><tr>
<td>Started on:</td><td>Tue Apr 07 16:12:30 IST 2020</td>
</tr>
<tr><td>Total time:</td><td>98 seconds (98994 ms)</td>
</tr><tr>
<td>Included groups:</td><td></td>
</tr><tr>
<td>Excluded groups:</td><td></td>
</tr>
</table><p/>
<small><i>(Hover the method name to see the test class name)</i></small><p/>
<table width='100%' border='1' class='invocation-failed'>
<tr><td colspan='4' align='center'><b>FAILED CONFIGURATIONS</b></td></tr>
<tr><td><b>Test method</b></td>
<td width="30%"><b>Exception</b></td>
<td width="10%"><b>Time (seconds)</b></td>
<td><b>Instance</b></td>
</tr>
<tr>
<td title='com.AP.qa.test.TC001_Single_Product_Checkout.CloseBrowser()'><b>CloseBrowser</b><br>Test class: com.AP.qa.test.TC001_Single_Product_Checkout</td>
<td><div><pre>java.lang.NullPointerException
	at com.AP.qa.util.Extent_Report.flush(Extent_Report.java:89)
	at com.AP.qa.base.TestBase.closeBrowser(TestBase.java:176)
	at com.AP.qa.test.TC001_Single_Product_Checkout.CloseBrowser(TC001_Single_Product_Checkout.java:65)
... Removed 22 stack frames</pre></div><a href='#' onClick='toggleBox("stack-trace1663411182", this, "Click to show all stack frames", "Click to hide stack frames")'>Click to show all stack frames</a>
<div class='stack-trace' id='stack-trace1663411182'><pre>java.lang.NullPointerException
	at com.AP.qa.util.Extent_Report.flush(Extent_Report.java:89)
	at com.AP.qa.base.TestBase.closeBrowser(TestBase.java:176)
	at com.AP.qa.test.TC001_Single_Product_Checkout.CloseBrowser(TC001_Single_Product_Checkout.java:65)
	at sun.reflect.NativeMethodAccessorImpl.invoke0(Native Method)
	at sun.reflect.NativeMethodAccessorImpl.invoke(Unknown Source)
	at sun.reflect.DelegatingMethodAccessorImpl.invoke(Unknown Source)
	at java.lang.reflect.Method.invoke(Unknown Source)
	at org.testng.internal.MethodInvocationHelper.invokeMethod(MethodInvocationHelper.java:86)
	at org.testng.internal.Invoker.invokeConfigurationMethod(Invoker.java:514)
	at org.testng.internal.Invoker.invokeConfigurations(Invoker.java:215)
	at org.testng.internal.Invoker.invokeConfigurations(Invoker.java:142)
	at org.testng.TestRunner.afterRun(TestRunner.java:1012)
	at org.testng.TestRunner.run(TestRunner.java:636)
	at org.testng.SuiteRunner.runTest(SuiteRunner.java:366)
	at org.testng.SuiteRunner.runSequentially(SuiteRunner.java:361)
	at org.testng.SuiteRunner.privateRun(SuiteRunner.java:319)
	at org.testng.SuiteRunner.run(SuiteRunner.java:268)
	at org.testng.SuiteRunnerWorker.runSuite(SuiteRunnerWorker.java:52)
	at org.testng.SuiteRunnerWorker.run(SuiteRunnerWorker.java:86)
	at org.testng.TestNG.runSuitesSequentially(TestNG.java:1244)
	at org.testng.TestNG.runSuitesLocally(TestNG.java:1169)
	at org.testng.TestNG.run(TestNG.java:1064)
	at org.testng.remote.AbstractRemoteTestNG.run(AbstractRemoteTestNG.java:126)
	at org.testng.remote.RemoteTestNG.initAndRun(RemoteTestNG.java:152)
	at org.testng.remote.RemoteTestNG.main(RemoteTestNG.java:57)
</pre></div></td>
<td>0</td>
<td>null</td></tr>
</table><p>
<table width='100%' border='1' class='invocation-passed'>
<tr><td colspan='4' align='center'><b>PASSED TESTS</b></td></tr>
<tr><td><b>Test method</b></td>
<td width="30%"><b>Exception</b></td>
<td width="10%"><b>Time (seconds)</b></td>
<td><b>Instance</b></td>
</tr>
<tr>
<td title='com.AP.qa.test.TC001_Single_Product_Checkout.BookingTest()'><b>BookingTest</b><br>Test class: com.AP.qa.test.TC001_Single_Product_Checkout<br/>
<a href="#Output-822029063" onClick='toggleBox("Output-822029063", this, "Show output", "Hide output");'>Show output</a>

<a href="#Output-822029063" onClick="toggleAllBoxes();">Show all outputs</a>
<div class='log' id="Output-822029063">
Trying to find Element By : By.xpath: //ul[@id='homefeatured']//li[@class='ajax_block_product col-xs-12 col-sm-4 col-md-3 first-in-line first-item-of-tablet-line first-item-of-mobile-line']//div[@class='product-image-container']<br/>
Found Element By : By.xpath: //ul[@id='homefeatured']//li[@class='ajax_block_product col-xs-12 col-sm-4 col-md-3 first-in-line first-item-of-tablet-line first-item-of-mobile-line']//div[@class='product-image-container']<br/>
Trying to find Element By : By.xpath: //li[@class='ajax_block_product col-xs-12 col-sm-4 col-md-3 first-in-line first-item-of-tablet-line first-item-of-mobile-line hovered']//a[@class='product-name'][contains(text(),'Faded Short Sleeve T-shirts')]<br/>
Found Element By : By.xpath: //li[@class='ajax_block_product col-xs-12 col-sm-4 col-md-3 first-in-line first-item-of-tablet-line first-item-of-mobile-line hovered']//a[@class='product-name'][contains(text(),'Faded Short Sleeve T-shirts')]<br/>
Trying to click on: [[ChromeDriver: chrome on WINDOWS (ebd7733b73bb35d460afef23396d01c1)] -> xpath: //li[@class='ajax_block_product col-xs-12 col-sm-4 col-md-3 first-in-line first-item-of-tablet-line first-item-of-mobile-line hovered']//a[@class='product-name'][contains(text(),'Faded Short Sleeve T-shirts')]]<br/>
Clicked on: [[ChromeDriver: chrome on WINDOWS (ebd7733b73bb35d460afef23396d01c1)] -> xpath: //li[@class='ajax_block_product col-xs-12 col-sm-4 col-md-3 first-in-line first-item-of-tablet-line first-item-of-mobile-line hovered']//a[@class='product-name'][contains(text(),'Faded Short Sleeve T-shirts')]]<br/>
Trying to find Element By : By.xpath: //input[@id='quantity_wanted']<br/>
Found Element By : By.xpath: //input[@id='quantity_wanted']<br/>
Trying to find Element By : By.xpath: //input[@id='quantity_wanted']<br/>
Found Element By : By.xpath: //input[@id='quantity_wanted']<br/>
Trying to find Element By : By.xpath: //input[@id='quantity_wanted']<br/>
Found Element By : By.xpath: //input[@id='quantity_wanted']<br/>
Trying to find Element By : By.xpath: //select[@id='group_1']<br/>
Found Element By : By.xpath: //select[@id='group_1']<br/>
Trying to find Element By : By.xpath: //select[@id='group_1']<br/>
Found Element By : By.xpath: //select[@id='group_1']<br/>
Trying to find Element By : By.xpath: //select[@id='group_1']<br/>
Found Element By : By.xpath: //select[@id='group_1']<br/>
Trying to find Element By : By.tagName: option<br/>
Found Element By : By.tagName: option<br/>
Trying to click on: [[[[ChromeDriver: chrome on WINDOWS (ebd7733b73bb35d460afef23396d01c1)] -> xpath: //select[@id='group_1']]] -> tag name: option]<br/>
Clicked on: [[[[ChromeDriver: chrome on WINDOWS (ebd7733b73bb35d460afef23396d01c1)] -> xpath: //select[@id='group_1']]] -> tag name: option]<br/>
Trying to find Element By : By.xpath: //span[contains(text(),'Add to cart')]<br/>
Found Element By : By.xpath: //span[contains(text(),'Add to cart')]<br/>
Trying to click on: [[ChromeDriver: chrome on WINDOWS (ebd7733b73bb35d460afef23396d01c1)] -> xpath: //span[contains(text(),'Add to cart')]]<br/>
Clicked on: [[ChromeDriver: chrome on WINDOWS (ebd7733b73bb35d460afef23396d01c1)] -> xpath: //span[contains(text(),'Add to cart')]]<br/>
Trying to find Element By : By.xpath: //span[contains(text(),'Proceed to checkout')]<br/>
Found Element By : By.xpath: //span[contains(text(),'Proceed to checkout')]<br/>
Trying to find Element By : By.xpath: //span[contains(text(),'Proceed to checkout')]<br/>
Found Element By : By.xpath: //span[contains(text(),'Proceed to checkout')]<br/>
Trying to click on: [[ChromeDriver: chrome on WINDOWS (ebd7733b73bb35d460afef23396d01c1)] -> xpath: //span[contains(text(),'Proceed to checkout')]]<br/>
Clicked on: [[ChromeDriver: chrome on WINDOWS (ebd7733b73bb35d460afef23396d01c1)] -> xpath: //span[contains(text(),'Proceed to checkout')]]<br/>
</div>
</td>
<td></td>
<td>11</td>
<td>com.AP.qa.test.TC001_Single_Product_Checkout@42d80b78</td></tr>
<tr>
<td title='com.AP.qa.test.TC001_Single_Product_Checkout.LoginTest()'><b>LoginTest</b><br>Test class: com.AP.qa.test.TC001_Single_Product_Checkout<br/>
<a href="#Output-680432602" onClick='toggleBox("Output-680432602", this, "Show output", "Hide output");'>Show output</a>

<a href="#Output-680432602" onClick="toggleAllBoxes();">Show all outputs</a>
<div class='log' id="Output-680432602">
Trying to find Element By : By.xpath: //a[@class='login']<br/>
Found Element By : By.xpath: //a[@class='login']<br/>
Trying to click on: [[ChromeDriver: chrome on WINDOWS (ebd7733b73bb35d460afef23396d01c1)] -> xpath: //a[@class='login']]<br/>
Clicked on: [[ChromeDriver: chrome on WINDOWS (ebd7733b73bb35d460afef23396d01c1)] -> xpath: //a[@class='login']]<br/>
Trying to find Element By : By.xpath: //input[@id='email']<br/>
Found Element By : By.xpath: //input[@id='email']<br/>
Trying to find Element By : By.xpath: //input[@id='passwd']<br/>
Found Element By : By.xpath: //input[@id='passwd']<br/>
Trying to find Element By : By.xpath: //button[@id='SubmitLogin']<br/>
Found Element By : By.xpath: //button[@id='SubmitLogin']<br/>
Trying to click on: [[ChromeDriver: chrome on WINDOWS (ebd7733b73bb35d460afef23396d01c1)] -> xpath: //button[@id='SubmitLogin']]<br/>
Clicked on: [[ChromeDriver: chrome on WINDOWS (ebd7733b73bb35d460afef23396d01c1)] -> xpath: //button[@id='SubmitLogin']]<br/>
Trying to find Element By : By.xpath: //span[contains(text(),'sunil jaiswal')]<br/>
Found Element By : By.xpath: //span[contains(text(),'sunil jaiswal')]<br/>
Successful logging with username -  sunjai190688@gmail.com<br/>
Trying to find Element By : By.xpath: //img[@class='logo img-responsive']<br/>
Found Element By : By.xpath: //img[@class='logo img-responsive']<br/>
Trying to click on: [[ChromeDriver: chrome on WINDOWS (ebd7733b73bb35d460afef23396d01c1)] -> xpath: //img[@class='logo img-responsive']]<br/>
Clicked on: [[ChromeDriver: chrome on WINDOWS (ebd7733b73bb35d460afef23396d01c1)] -> xpath: //img[@class='logo img-responsive']]<br/>
</div>
</td>
<td></td>
<td>9</td>
<td>com.AP.qa.test.TC001_Single_Product_Checkout@42d80b78</td></tr>
<tr>
<td title='com.AP.qa.test.TC001_Single_Product_Checkout.PaymentTest()'><b>PaymentTest</b><br>Test class: com.AP.qa.test.TC001_Single_Product_Checkout<br/>
<a href="#Output-2049416377" onClick='toggleBox("Output-2049416377", this, "Show output", "Hide output");'>Show output</a>

<a href="#Output-2049416377" onClick="toggleAllBoxes();">Show all outputs</a>
<div class='log' id="Output-2049416377">
Trying to find Element By : By.xpath: //span[@id='total_price']<br/>
Found Element By : By.xpath: //span[@id='total_price']<br/>
Trying to find Element By : By.xpath: //span[contains(@id,'total_product_price')]<br/>
Found Element By : By.xpath: //span[contains(@id,'total_product_price')]<br/>
Trying to find Element By : By.xpath: //span[contains(@id,'total_product_price')]<br/>
Found Element By : By.xpath: //span[contains(@id,'total_product_price')]<br/>
Trying to find Element By : By.xpath: //span[contains(@id,'total_product_price')]<br/>
Found Element By : By.xpath: //span[contains(@id,'total_product_price')]<br/>
Trying to find Element By : By.xpath: //td[@id='total_shipping']<br/>
Found Element By : By.xpath: //td[@id='total_shipping']<br/>
Trying to find Element By : By.xpath: //span[@id='total_price']<br/>
Found Element By : By.xpath: //span[@id='total_price']<br/>
Price Varification Validation     35.02 is equal to 35.02<br/>
Trying to find Element By : By.xpath: //a[@class='button btn btn-default standard-checkout button-medium']//span[contains(text(),'Proceed to checkout')]<br/>
Found Element By : By.xpath: //a[@class='button btn btn-default standard-checkout button-medium']//span[contains(text(),'Proceed to checkout')]<br/>
Trying to click on: [[ChromeDriver: chrome on WINDOWS (ebd7733b73bb35d460afef23396d01c1)] -> xpath: //a[@class='button btn btn-default standard-checkout button-medium']//span[contains(text(),'Proceed to checkout')]]<br/>
Clicked on: [[ChromeDriver: chrome on WINDOWS (ebd7733b73bb35d460afef23396d01c1)] -> xpath: //a[@class='button btn btn-default standard-checkout button-medium']//span[contains(text(),'Proceed to checkout')]]<br/>
Trying to find Element By : By.xpath: //input[@id='email']<br/>
Exception occured: org.openqa.selenium.NoSuchElementException: no such element: Unable to locate element: {"method":"xpath","selector":"//input[@id='email']"}
  (Session info: chrome=80.0.3987.149)
For documentation on this error, please visit: https://www.seleniumhq.org/exceptions/no_such_element.html
Build info: version: '3.141.59', revision: 'e82be7d358', time: '2018-11-14T08:17:03'
System info: host: 'AVI26', ip: '192.168.1.10', os.name: 'Windows 10', os.arch: 'amd64', os.version: '10.0', java.version: '1.8.0_241'
Driver info: org.openqa.selenium.chrome.ChromeDriver
Capabilities {acceptInsecureCerts: false, browserName: chrome, browserVersion: 80.0.3987.149, chrome: {chromedriverVersion: 79.0.3945.36 (3582db32b3389..., userDataDir: C:\Users\user\AppData\Local...}, goog:chromeOptions: {debuggerAddress: localhost:25305}, javascriptEnabled: true, networkConnectionEnabled: false, pageLoadStrategy: normal, platform: WINDOWS, platformName: WINDOWS, proxy: Proxy(), setWindowRect: true, strictFileInteractability: false, timeouts: {implicit: 0, pageLoad: 300000, script: 30000}, unhandledPromptBehavior: dismiss and notify}
Session ID: ebd7733b73bb35d460afef23396d01c1
*** Element info: {Using=xpath, value=//input[@id='email']}<br/>
Trying to find Element By : By.xpath: //button[@name='processAddress']//span[contains(text(),'Proceed to checkout')]<br/>
Found Element By : By.xpath: //button[@name='processAddress']//span[contains(text(),'Proceed to checkout')]<br/>
Trying to click on: [[ChromeDriver: chrome on WINDOWS (ebd7733b73bb35d460afef23396d01c1)] -> xpath: //button[@name='processAddress']//span[contains(text(),'Proceed to checkout')]]<br/>
Clicked on: [[ChromeDriver: chrome on WINDOWS (ebd7733b73bb35d460afef23396d01c1)] -> xpath: //button[@name='processAddress']//span[contains(text(),'Proceed to checkout')]]<br/>
Trying to find Element By : By.xpath: //input[@id='cgv']<br/>
Found Element By : By.xpath: //input[@id='cgv']<br/>
Trying to click on: [[ChromeDriver: chrome on WINDOWS (ebd7733b73bb35d460afef23396d01c1)] -> xpath: //input[@id='cgv']]<br/>
Clicked on: [[ChromeDriver: chrome on WINDOWS (ebd7733b73bb35d460afef23396d01c1)] -> xpath: //input[@id='cgv']]<br/>
Trying to find Element By : By.xpath: //button[@name='processCarrier']//span[contains(text(),'Proceed to checkout')]<br/>
Found Element By : By.xpath: //button[@name='processCarrier']//span[contains(text(),'Proceed to checkout')]<br/>
Trying to click on: [[ChromeDriver: chrome on WINDOWS (ebd7733b73bb35d460afef23396d01c1)] -> xpath: //button[@name='processCarrier']//span[contains(text(),'Proceed to checkout')]]<br/>
Clicked on: [[ChromeDriver: chrome on WINDOWS (ebd7733b73bb35d460afef23396d01c1)] -> xpath: //button[@name='processCarrier']//span[contains(text(),'Proceed to checkout')]]<br/>
Trying to find Element By : By.xpath: //a[@class='bankwire']<br/>
Found Element By : By.xpath: //a[@class='bankwire']<br/>
Trying to click on: [[ChromeDriver: chrome on WINDOWS (ebd7733b73bb35d460afef23396d01c1)] -> xpath: //a[@class='bankwire']]<br/>
Clicked on: [[ChromeDriver: chrome on WINDOWS (ebd7733b73bb35d460afef23396d01c1)] -> xpath: //a[@class='bankwire']]<br/>
Trying to find Element By : By.xpath: //span[contains(text(),'I confirm my order')]<br/>
Found Element By : By.xpath: //span[contains(text(),'I confirm my order')]<br/>
Trying to click on: [[ChromeDriver: chrome on WINDOWS (ebd7733b73bb35d460afef23396d01c1)] -> xpath: //span[contains(text(),'I confirm my order')]]<br/>
Clicked on: [[ChromeDriver: chrome on WINDOWS (ebd7733b73bb35d460afef23396d01c1)] -> xpath: //span[contains(text(),'I confirm my order')]]<br/>
Trying to find Element By : By.xpath: //span[@class='price']<br/>
Found Element By : By.xpath: //span[@class='price']<br/>
Successfully validated the order amount -$35.02<br/>
Trying to find Element By : By.xpath: //span[@class='price']<br/>
Found Element By : By.xpath: //span[@class='price']<br/>
Trying to find Element By : By.xpath: //strong[contains(text(),'Your order on My Store is complete.')]<br/>
Found Element By : By.xpath: //strong[contains(text(),'Your order on My Store is complete.')]<br/>
Payment successfull of amount -$35.02<br/>
</div>
</td>
<td></td>
<td>35</td>
<td>com.AP.qa.test.TC001_Single_Product_Checkout@42d80b78</td></tr>
</table><p>
</body>
</html>