<?xml version="1.0" encoding="UTF-8"?>
<!-- Generated by org.testng.reporters.JUnitXMLReporter -->
<testsuite hostname="ideliver29" name="Test1" tests="3" failures="0" timestamp="21 Feb 2020 15:54:18 GMT" time="3.406" errors="0">
  <testcase name="@BeforeTest setUp" time="0.0" classname="com.AP.qa.test.APTest">
    <failure type="java.lang.IllegalStateException" message="The path to the driver executable must be set by the webdriver.gecko.driver system property; for more information, see https://github.com/mozilla/geckodriver. The latest version can be downloaded from https://github.com/mozilla/geckodriver/releases">
      <![CDATA[java.lang.IllegalStateException: The path to the driver executable must be set by the webdriver.gecko.driver system property; for more information, see https://github.com/mozilla/geckodriver. The latest version can be downloaded from https://github.com/mozilla/geckodriver/releases
	at com.google.common.base.Preconditions.checkState(Preconditions.java:847)
	at org.openqa.selenium.remote.service.DriverService.findExecutable(DriverService.java:134)
	at org.openqa.selenium.firefox.GeckoDriverService.access$100(GeckoDriverService.java:44)
	at org.openqa.selenium.firefox.GeckoDriverService$Builder.findDefaultExecutable(GeckoDriverService.java:167)
	at org.openqa.selenium.remote.service.DriverService$Builder.build(DriverService.java:355)
	at org.openqa.selenium.firefox.FirefoxDriver.toExecutor(FirefoxDriver.java:190)
	at org.openqa.selenium.firefox.FirefoxDriver.<init>(FirefoxDriver.java:147)
	at org.openqa.selenium.firefox.FirefoxDriver.<init>(FirefoxDriver.java:125)
	at com.AP.qa.base.TestBase.initialization(TestBase.java:58)
	at com.AP.qa.test.APTest.setUp(APTest.java:25)
	at java.util.concurrent.FutureTask.run(Unknown Source)
	at java.util.concurrent.ThreadPoolExecutor.runWorker(Unknown Source)
	at java.util.concurrent.ThreadPoolExecutor$Worker.run(Unknown Source)
	at java.lang.Thread.run(Unknown Source)
... Removed 14 stack frames]]>
    </failure>
  </testcase> <!-- @BeforeTest setUp -->
  <testcase name="@AfterTest Flush" time="0.0" classname="com.AP.qa.test.APTest">
    <skipped/>
  </testcase> <!-- @AfterTest Flush -->
  <testcase name="LoginTest" time="0.0" classname="com.AP.qa.test.APTest">
    <skipped/>
  </testcase> <!-- LoginTest -->
  <testcase name="BookingTest" time="0.0" classname="com.AP.qa.test.APTest">
    <skipped/>
  </testcase> <!-- BookingTest -->
  <testcase name="PaymentTest" time="0.0" classname="com.AP.qa.test.APTest">
    <skipped/>
  </testcase> <!-- PaymentTest -->
</testsuite> <!-- Test1 -->
